Using pre-set license
Built from '2020.2/release' branch; Version is '2020.2.1f1 (270dd8c3da1c) revision 2559448'; Using compiler version '192528614'; Build Type 'Release'
OS: 'Windows 10  (10.0.0) 64bit' Language: 'pt' Physical Memory: 16267 MB
BatchMode: 1, IsHumanControllingUs: 0, StartBugReporterOnCrash: 0, Is64bit: 1, IsPro: 0

 COMMAND LINE ARGUMENTS:
C:\Program Files\Unity\Hub\Editor\2020.2.1f1\Editor\Unity.exe
-adb2
-batchMode
-noUpm
-name
AssetImportWorker0
-projectPath
C:/Projetos/Candy Catch
-logFile
Logs/AssetImportWorker0.log
-srvPort
58824
Successfully changed project path to: C:/Projetos/Candy Catch
C:/Projetos/Candy Catch
Using Asset Import Pipeline V2.
Refreshing native plugins compatible for Editor in 28.85 ms, found 0 plugins.
Preloading 0 native plugins for Editor in 0.00 ms.
Initialize engine version: 2020.2.1f1 (270dd8c3da1c)
[Subsystems] Discovering subsystems at path C:/Program Files/Unity/Hub/Editor/2020.2.1f1/Editor/Data/Resources/UnitySubsystems
[Subsystems] Discovering subsystems at path C:/Projetos/Candy Catch/Assets
GfxDevice: creating device client; threaded=0
Direct3D:
    Version:  Direct3D 11.0 [level 11.1]
    Renderer: NVIDIA GeForce GTX 1060 (ID=0x1c20)
    Vendor:   
    VRAM:     6052 MB
    Driver:   27.21.14.6627
Initialize mono
Mono path[0] = 'C:/Program Files/Unity/Hub/Editor/2020.2.1f1/Editor/Data/Managed'
Mono path[1] = 'C:/Program Files/Unity/Hub/Editor/2020.2.1f1/Editor/Data/MonoBleedingEdge/lib/mono/unityjit'
Mono config path = 'C:/Program Files/Unity/Hub/Editor/2020.2.1f1/Editor/Data/MonoBleedingEdge/etc'
Using monoOptions --debugger-agent=transport=dt_socket,embedding=1,server=y,suspend=n,address=127.0.0.1:56680
Begin MonoManager ReloadAssembly
Registering precompiled unity dll's ...
Register platform support module: C:/Program Files/Unity/Hub/Editor/2020.2.1f1/Editor/Data/PlaybackEngines/WindowsStandaloneSupport/UnityEditor.WindowsStandalone.Extensions.dll
Registered in 0.003193 seconds.
Native extension for WindowsStandalone target not found
Refreshing native plugins compatible for Editor in 27.55 ms, found 0 plugins.
Preloading 0 native plugins for Editor in 0.00 ms.
Invoked RoslynAnalysisRunner static constructor.
RoslynAnalysisRunner will not be running.
RoslynAnalysisRunner has terminated.
Mono: successfully reloaded assembly
- Completed reload, in  1.511 seconds
Platform modules already initialized, skipping
Registering precompiled user dll's ...
Registered in 0.000866 seconds.
Begin MonoManager ReloadAssembly
Native extension for WindowsStandalone target not found
Refreshing native plugins compatible for Editor in 0.37 ms, found 0 plugins.
Preloading 0 native plugins for Editor in 0.00 ms.
Invoked RoslynAnalysisRunner static constructor.
RoslynAnalysisRunner will not be running.
RoslynAnalysisRunner has terminated.
Mono: successfully reloaded assembly
- Completed reload, in  1.015 seconds
Platform modules already initialized, skipping
========================================================================
Worker process is ready to serve import requests
Launched and connected shader compiler UnityShaderCompiler.exe after 0.05 seconds
Refreshing native plugins compatible for Editor in 0.33 ms, found 0 plugins.
Preloading 0 native plugins for Editor in 0.00 ms.
Unloading 1133 Unused Serialized files (Serialized files now loaded: 0)
System memory in use before: 57.2 MB.
System memory in use after: 57.2 MB.

Unloading 10 unused Assets to reduce memory usage. Loaded Objects now: 1573.
Total: 2.327500 ms (FindLiveObjects: 0.272900 ms CreateObjectMapping: 0.104200 ms MarkObjects: 1.837500 ms  DeleteObjects: 0.111600 ms)

========================================================================
Received Import Request.
  path: Assets/Scripts/CandySpawner.cs
  artifactKey: Guid(94ac262d90df1254682e86d989e89328) Importer(815301076,1909f56bfc062723c751e8b465ee728b)
Start importing Assets/Scripts/CandySpawner.cs using Guid(94ac262d90df1254682e86d989e89328) Importer(815301076,1909f56bfc062723c751e8b465ee728b)  -> (artifact id: 'a2ee597852b8ae415427ac20f0526b9d') in 0.060951 seconds
  Import took 0.064480 seconds .

========================================================================
Received Import Request.
  Time since last request: 0.011315 seconds.
  path: Assets/Scripts/GameManager.cs
  artifactKey: Guid(87f86c8fe12c3954a98b2be520b7a6ac) Importer(815301076,1909f56bfc062723c751e8b465ee728b)
Start importing Assets/Scripts/GameManager.cs using Guid(87f86c8fe12c3954a98b2be520b7a6ac) Importer(815301076,1909f56bfc062723c751e8b465ee728b)  -> (artifact id: '608187dc8939f8bff76decdf64b7f839') in 0.009446 seconds
  Import took 0.012155 seconds .

========================================================================
Received Import Request.
  Time since last request: 0.009549 seconds.
  path: Assets/Scripts/CandyScript.cs
  artifactKey: Guid(fe1d6c7f47885cb4ca5bfe258648372d) Importer(815301076,1909f56bfc062723c751e8b465ee728b)
Start importing Assets/Scripts/CandyScript.cs using Guid(fe1d6c7f47885cb4ca5bfe258648372d) Importer(815301076,1909f56bfc062723c751e8b465ee728b)  -> (artifact id: '747ac3d58ac8c20118093b855699a3ae') in 0.009250 seconds
  Import took 0.011759 seconds .

========================================================================
Received Import Request.
  Time since last request: 164.527136 seconds.
  path: Assets/Scenes/Game.unity
  artifactKey: Guid(9fc0d4010bbf28b4594072e72b8655ab) Importer(815301076,1909f56bfc062723c751e8b465ee728b)
Start importing Assets/Scenes/Game.unity using Guid(9fc0d4010bbf28b4594072e72b8655ab) Importer(815301076,1909f56bfc062723c751e8b465ee728b)  -> (artifact id: '20083f01ded7ed5fe5387f316a77bead') in 0.024396 seconds
  Import took 0.028867 seconds .

========================================================================
Received Prepare
Registering precompiled user dll's ...
Registered in 0.001251 seconds.
Begin MonoManager ReloadAssembly
Native extension for WindowsStandalone target not found
Refreshing native plugins compatible for Editor in 0.28 ms, found 0 plugins.
Preloading 0 native plugins for Editor in 0.00 ms.
Invoked RoslynAnalysisRunner static constructor.
RoslynAnalysisRunner will not be running.
RoslynAnalysisRunner has terminated.
Mono: successfully reloaded assembly
- Completed reload, in  1.330 seconds
Platform modules already initialized, skipping
Refreshing native plugins compatible for Editor in 2.89 ms, found 0 plugins.
Preloading 0 native plugins for Editor in 0.00 ms.
Unloading 1128 Unused Serialized files (Serialized files now loaded: 0)
System memory in use before: 57.2 MB.
System memory in use after: 57.3 MB.

Unloading 5 unused Assets to reduce memory usage. Loaded Objects now: 1575.
Total: 2.981400 ms (FindLiveObjects: 0.148800 ms CreateObjectMapping: 0.045600 ms MarkObjects: 2.677800 ms  DeleteObjects: 0.107500 ms)

========================================================================
Received Import Request.
  Time since last request: 17.015785 seconds.
  path: Assets/Animations/GameOverPanel.controller
  artifactKey: Guid(4b18fb7b4c6a1e34c9b4a4f69c54fd74) Importer(815301076,1909f56bfc062723c751e8b465ee728b)
Start importing Assets/Animations/GameOverPanel.controller using Guid(4b18fb7b4c6a1e34c9b4a4f69c54fd74) Importer(815301076,1909f56bfc062723c751e8b465ee728b)  -> (artifact id: '6c5f42dad6bfb88cc26078412f95b826') in 0.024648 seconds
  Import took 0.027520 seconds .

========================================================================
Received Import Request.
  Time since last request: 0.018048 seconds.
  path: Assets/Animations/GameOver.anim
  artifactKey: Guid(74a220876d358af4d8f2eeca3f88d951) Importer(815301076,1909f56bfc062723c751e8b465ee728b)
Start importing Assets/Animations/GameOver.anim using Guid(74a220876d358af4d8f2eeca3f88d951) Importer(815301076,1909f56bfc062723c751e8b465ee728b)  -> (artifact id: '541f6103efc3a5e1a56fba697e188410') in 0.010894 seconds
  Import took 0.013520 seconds .

AssetImportWorkerClient::OnTransportError - code=2 error=End of file
